2019-09-25 08:39:22,540 | TRAINER INFO: Created output folder C:\AML_seg_proj\CRC-Segmentation\model_affine\
2019-09-25 08:39:22,541 | TRAINER INFO: Epochs: 250 | Batch Size: 1 | Processed images per epoch: 300 | #Processes for Dataloading: 2
2019-09-25 08:39:22,731 | TRAINER INFO: Using GPU "GeForce GTX 1060 6GB" for training.
2019-09-25 08:39:22,732 | TRAINER INFO: Total available training instances: 9928
2019-09-25 08:39:22,732 | TRAINER INFO: Using 5-Fold Cross Validation.
2019-09-25 08:39:25,425 | TRAINER INFO: Start training from scratch.
2019-09-25 08:39:25,426 | TRAINER INFO: Model: NeuralNet(
  (dropout): Dropout(p=0.33, inplace=True)
  (pool): MaxPool2d(kernel_size=2, stride=2, padding=0, dilation=1, ceil_mode=False)
  (convin1): Conv2d(3, 64, kernel_size=(3, 3), stride=(1, 1), padding=(1, 1))
  (conv12): Conv2d(64, 128, kernel_size=(3, 3), stride=(1, 1), padding=(1, 1))
  (conv23): Conv2d(128, 256, kernel_size=(3, 3), stride=(1, 1), padding=(1, 1))
  (conv34): Conv2d(256, 512, kernel_size=(3, 3), stride=(1, 1), padding=(1, 1))
  (conv45): Conv2d(512, 1024, kernel_size=(3, 3), stride=(1, 1), padding=(1, 1))
  (conv54): Conv2d(1024, 512, kernel_size=(3, 3), stride=(1, 1), padding=(1, 1))
  (conv43): Conv2d(512, 256, kernel_size=(3, 3), stride=(1, 1), padding=(1, 1))
  (conv32): Conv2d(256, 128, kernel_size=(3, 3), stride=(1, 1), padding=(1, 1))
  (conv21): Conv2d(128, 64, kernel_size=(3, 3), stride=(1, 1), padding=(1, 1))
  (conv1out): Conv2d(64, 3, kernel_size=(1, 1), stride=(1, 1))
  (conv11): Conv2d(64, 64, kernel_size=(3, 3), stride=(1, 1), padding=(1, 1))
  (conv22): Conv2d(128, 128, kernel_size=(3, 3), stride=(1, 1), padding=(1, 1))
  (conv33): Conv2d(256, 256, kernel_size=(3, 3), stride=(1, 1), padding=(1, 1))
  (conv44): Conv2d(512, 512, kernel_size=(3, 3), stride=(1, 1), padding=(1, 1))
  (conv55): Conv2d(1024, 1024, kernel_size=(3, 3), stride=(1, 1), padding=(1, 1))
  (upconv1): ConvTranspose2d(1024, 512, kernel_size=(2, 2), stride=(2, 2))
  (upconv2): ConvTranspose2d(512, 256, kernel_size=(2, 2), stride=(2, 2))
  (upconv3): ConvTranspose2d(256, 128, kernel_size=(2, 2), stride=(2, 2))
  (upconv4): ConvTranspose2d(128, 64, kernel_size=(2, 2), stride=(2, 2))
  (inst_norm1): InstanceNorm2d(64, eps=1e-05, momentum=0.1, affine=True, track_running_stats=False)
  (inst_norm2): InstanceNorm2d(128, eps=1e-05, momentum=0.1, affine=True, track_running_stats=False)
  (inst_norm3): InstanceNorm2d(256, eps=1e-05, momentum=0.1, affine=True, track_running_stats=False)
  (inst_norm4): InstanceNorm2d(512, eps=1e-05, momentum=0.1, affine=True, track_running_stats=False)
  (inst_norm5): InstanceNorm2d(1024, eps=1e-05, momentum=0.1, affine=True, track_running_stats=False)
  (inst_normout): InstanceNorm2d(3, eps=1e-05, momentum=0.1, affine=True, track_running_stats=False)
  (activation): LeakyReLU(negative_slope=0.01, inplace=True)
)
2019-09-25 08:39:25,428 | TRAINER INFO: Optimizer: Adam (
Parameter Group 0
    amsgrad: False
    betas: (0.9, 0.999)
    eps: 1e-08
    lr: 0.0005
    weight_decay: 3e-05
)
2019-09-25 08:39:25,428 | TRAINER INFO: Loss Function: Dice_and_CE(
  (dice): Dice_Loss()
  (ce): CrossEntropyLoss()
)
2019-09-25 08:39:25,428 | TRAINER INFO: Training EPOCH: 1
2019-09-25 08:48:08,921 | TRAINER INFO: avg. CV tr. losses: [0.6990609454611937, 0.7043469631423552, 0.7023123307774465, 0.6975155272831519, 0.7042311768978834]
2019-09-25 08:48:08,922 | TRAINER INFO: avg. CV val. losses: [0.6061793004473051, 0.6180196503798167, 0.6424851288398107, 0.5922932679454486, 0.5834088856975238]
2019-09-25 08:48:08,922 | TRAINER INFO: Epoch: 1 took 523.4926594s | cv iter tr_loss 0.7042311768978834 | cv iter val_loss: 0.5834088856975238
2019-09-25 08:48:08,922 | TRAINER INFO: Exponential Moving Averages: tr_MA 0.7042311768978834, val_MA 0.5834088856975238
2019-09-25 08:48:08,922 | TRAINER INFO: Current Learning Rate: 0.0005
2019-09-25 08:48:09,825 | TRAINER INFO: Training EPOCH: 2
2019-09-25 08:56:45,530 | TRAINER INFO: avg. CV tr. losses: [0.6455615791181724, 0.6557480278114478, 0.6618259896834692, 0.6566674047460158, 0.6563686322420835]
2019-09-25 08:56:45,531 | TRAINER INFO: avg. CV val. losses: [0.62635474751393, 0.5709798991680145, 0.5850661550958951, 0.6487445150812466, 0.6384039377172788]
2019-09-25 08:56:45,531 | TRAINER INFO: Epoch: 2 took 515.7050651999999s | cv iter tr_loss 0.6557480278114478 | cv iter val_loss: 0.5709798991680145
2019-09-25 08:56:45,532 | TRAINER INFO: Exponential Moving Averages: tr_MA 0.6993828619892398, val_MA 0.5821659870445729
2019-09-25 08:56:45,532 | TRAINER INFO: Current Learning Rate: 0.0005
2019-09-25 08:56:46,235 | TRAINER INFO: Training EPOCH: 3
2019-09-25 09:05:22,959 | TRAINER INFO: avg. CV tr. losses: [0.6083557228247325, 0.5866209643582503, 0.5873950918515524, 0.5842004347592592, 0.5894509609788656]
2019-09-25 09:05:22,959 | TRAINER INFO: avg. CV val. losses: [0.5385831629236539, 0.5556026438872019, 0.5873882169524829, 0.50128748913606, 0.545211602250735]
2019-09-25 09:05:22,961 | TRAINER INFO: Epoch: 3 took 516.7237491000001s | cv iter tr_loss 0.5842004347592592 | cv iter val_loss: 0.50128748913606
2019-09-25 09:05:22,962 | TRAINER INFO: Exponential Moving Averages: tr_MA 0.6878646192662418, val_MA 0.5740781372537216
2019-09-25 09:05:22,962 | TRAINER INFO: Current Learning Rate: 0.0005
2019-09-25 09:05:23,712 | TRAINER INFO: Training EPOCH: 4
2019-09-25 09:13:59,605 | TRAINER INFO: avg. CV tr. losses: [0.5814772502829632, 0.5690016523003578, 0.5720298496385415, 0.5724434225509564, 0.5723067990193764]
2019-09-25 09:13:59,606 | TRAINER INFO: avg. CV val. losses: [0.5291701649626096, 0.48871282835801444, 0.5336938177545866, 0.5066225250562032, 0.5293923338254293]
2019-09-25 09:13:59,608 | TRAINER INFO: Epoch: 4 took 515.8929888999999s | cv iter tr_loss 0.5690016523003578 | cv iter val_loss: 0.48871282835801444
2019-09-25 09:13:59,608 | TRAINER INFO: Exponential Moving Averages: tr_MA 0.6759783225696534, val_MA 0.5655416063641509
2019-09-25 09:13:59,609 | TRAINER INFO: Current Learning Rate: 0.0005
2019-09-25 09:14:00,346 | TRAINER INFO: Training EPOCH: 5
2019-09-25 09:22:35,850 | TRAINER INFO: avg. CV tr. losses: [0.5614797131468853, 0.561312785744667, 0.5624799768129984, 0.5659952710072199, 0.5692111620058616]
2019-09-25 09:22:35,850 | TRAINER INFO: avg. CV val. losses: [0.5500116661190987, 0.4739937216043472, 0.5387432957688968, 0.5909219761689504, 0.4917393719156583]
2019-09-25 09:22:35,852 | TRAINER INFO: Epoch: 5 took 515.5033793000002s | cv iter tr_loss 0.561312785744667 | cv iter val_loss: 0.4739937216043472
2019-09-25 09:22:35,853 | TRAINER INFO: Exponential Moving Averages: tr_MA 0.6645117688871547, val_MA 0.5563868178881705
2019-09-25 09:22:35,853 | TRAINER INFO: Current Learning Rate: 0.0005
2019-09-25 09:22:35,855 | TRAINER INFO: Saving Progress to C:\AML_seg_proj\CRC-Segmentation\model_affine\
2019-09-25 09:22:36,635 | TRAINER INFO: Training EPOCH: 6
2019-09-25 09:31:11,966 | TRAINER INFO: avg. CV tr. losses: [0.5850873541086912, 0.5323084714512031, 0.5435535348951817, 0.5466870899001758, 0.5298120060314735]
2019-09-25 09:31:11,966 | TRAINER INFO: avg. CV val. losses: [0.43066471368074416, 0.542857772608598, 0.5460363368193308, 0.45261552184820175, 0.4306469514966011]
2019-09-25 09:31:11,968 | TRAINER INFO: Epoch: 6 took 515.3300178s | cv iter tr_loss 0.5298120060314735 | cv iter val_loss: 0.4306469514966011
2019-09-25 09:31:11,969 | TRAINER INFO: Exponential Moving Averages: tr_MA 0.6510417926015866, val_MA 0.5438128312490135
2019-09-25 09:31:11,969 | TRAINER INFO: Current Learning Rate: 0.0005
2019-09-25 09:31:12,649 | TRAINER INFO: Training EPOCH: 7
2019-09-25 09:39:48,342 | TRAINER INFO: avg. CV tr. losses: [0.529253858824571, 0.5152262300252914, 0.5129826703419288, 0.5125376336276531, 0.5128468291213115]
2019-09-25 09:39:48,343 | TRAINER INFO: avg. CV val. losses: [0.4877351378401121, 0.5558223570386569, 0.5283347765604655, 0.48401011278231937, 0.5498368486762046]
2019-09-25 09:39:48,344 | TRAINER INFO: Epoch: 7 took 515.6925097000003s | cv iter tr_loss 0.5125376336276531 | cv iter val_loss: 0.48401011278231937
2019-09-25 09:39:48,345 | TRAINER INFO: Exponential Moving Averages: tr_MA 0.6371913767041932, val_MA 0.5378325594023441
2019-09-25 09:39:48,346 | TRAINER INFO: Current Learning Rate: 0.0005
2019-09-25 09:39:49,103 | TRAINER INFO: Training EPOCH: 8
2019-09-25 09:48:24,750 | TRAINER INFO: avg. CV tr. losses: [0.5310595287630956, 0.526663868005077, 0.5230079899231593, 0.5269585872689883, 0.5291319365302721]
2019-09-25 09:48:24,750 | TRAINER INFO: avg. CV val. losses: [0.5256047899524371, 0.4552462746699651, 0.5416608422994613, 0.4732917716105779, 0.49100584189097085]
2019-09-25 09:48:24,752 | TRAINER INFO: Epoch: 8 took 515.6459683999997s | cv iter tr_loss 0.526663868005077 | cv iter val_loss: 0.4552462746699651
2019-09-25 09:48:24,752 | TRAINER INFO: Exponential Moving Averages: tr_MA 0.6261386258342817, val_MA 0.5295739309291062
2019-09-25 09:48:24,753 | TRAINER INFO: Current Learning Rate: 0.0005
2019-09-25 09:48:25,482 | TRAINER INFO: Training EPOCH: 9
2019-09-25 09:57:01,163 | TRAINER INFO: avg. CV tr. losses: [0.5197830956429244, 0.5152540903538465, 0.5148551302651564, 0.5178041089326143, 0.5166149903088808]
2019-09-25 09:57:01,164 | TRAINER INFO: avg. CV val. losses: [0.43851383179426195, 0.5041135311126709, 0.590218090514342, 0.46813306361436846, 0.5236931403477987]
2019-09-25 09:57:01,166 | TRAINER INFO: Epoch: 9 took 515.6809064999998s | cv iter tr_loss 0.5197830956429244 | cv iter val_loss: 0.43851383179426195
2019-09-25 09:57:01,166 | TRAINER INFO: Exponential Moving Averages: tr_MA 0.6155030728151459, val_MA 0.5204679210156218
2019-09-25 09:57:01,167 | TRAINER INFO: Current Learning Rate: 0.0005
2019-09-25 09:57:01,985 | TRAINER INFO: Training EPOCH: 10
2019-09-25 10:05:37,806 | TRAINER INFO: avg. CV tr. losses: [0.4637552666167418, 0.4872436656306187, 0.4942657760034005, 0.4888349196563164, 0.49072214725116886]
2019-09-25 10:05:37,806 | TRAINER INFO: avg. CV val. losses: [0.598843464255333, 0.4840280145406723, 0.4837710345784823, 0.5209622402985891, 0.49398576766252517]
2019-09-25 10:05:37,808 | TRAINER INFO: Epoch: 10 took 515.8202003000006s | cv iter tr_loss 0.4942657760034005 | cv iter val_loss: 0.4837710345784823
2019-09-25 10:05:37,809 | TRAINER INFO: Exponential Moving Averages: tr_MA 0.6033793431339715, val_MA 0.5167982323719078
2019-09-25 10:05:37,809 | TRAINER INFO: Current Learning Rate: 0.0005
2019-09-25 10:05:37,811 | TRAINER INFO: Saving Progress to C:\AML_seg_proj\CRC-Segmentation\model_affine\
2019-09-25 10:05:38,627 | TRAINER INFO: Training EPOCH: 11
2019-09-25 10:14:14,339 | TRAINER INFO: avg. CV tr. losses: [0.45549426078796384, 0.4720112589498361, 0.4741606332361698, 0.47104785665869714, 0.47145971084634464]
2019-09-25 10:14:14,340 | TRAINER INFO: avg. CV val. losses: [0.5186526243885358, 0.4162633364399274, 0.4185429632663727, 0.4715296790003777, 0.48201368798812233]
2019-09-25 10:14:14,342 | TRAINER INFO: Epoch: 11 took 515.7127261999995s | cv iter tr_loss 0.4720112589498361 | cv iter val_loss: 0.4162633364399274
2019-09-25 10:14:14,342 | TRAINER INFO: Exponential Moving Averages: tr_MA 0.5902425347155579, val_MA 0.5067447427787097
2019-09-25 10:14:14,343 | TRAINER INFO: Current Learning Rate: 0.0005
2019-09-25 10:14:15,353 | TRAINER INFO: Training EPOCH: 12
2019-09-25 10:22:52,196 | TRAINER INFO: avg. CV tr. losses: [0.4443114548921585, 0.44804845315714675, 0.4454033477852742, 0.44828271778921286, 0.44605676271021366]
2019-09-25 10:22:52,197 | TRAINER INFO: avg. CV val. losses: [0.5285172755519549, 0.43606346249580386, 0.5476856450239818, 0.45380835483471554, 0.4098814407984416]
2019-09-25 10:22:52,198 | TRAINER INFO: Epoch: 12 took 516.8429614999995s | cv iter tr_loss 0.44605676271021366 | cv iter val_loss: 0.4098814407984416
2019-09-25 10:22:52,199 | TRAINER INFO: Exponential Moving Averages: tr_MA 0.5758239575150235, val_MA 0.4970584125806829
2019-09-25 10:22:52,200 | TRAINER INFO: Current Learning Rate: 0.0005
2019-09-25 10:22:53,053 | TRAINER INFO: Training EPOCH: 13
2019-09-25 10:31:28,712 | TRAINER INFO: avg. CV tr. losses: [0.4359675313035647, 0.43522693067789076, 0.4282471116632223, 0.43126255708436173, 0.42819628603756427]
2019-09-25 10:31:28,713 | TRAINER INFO: avg. CV val. losses: [0.49621293544769285, 0.43030738035837807, 0.4003979394833247, 0.4292241657773654, 0.3775527020295461]
2019-09-25 10:31:28,715 | TRAINER INFO: Epoch: 13 took 515.6586403000001s | cv iter tr_loss 0.42819628603756427 | cv iter val_loss: 0.3775527020295461
2019-09-25 10:31:28,715 | TRAINER INFO: Exponential Moving Averages: tr_MA 0.5610611903672775, val_MA 0.48510784152556924
2019-09-25 10:31:28,716 | TRAINER INFO: Current Learning Rate: 0.0005
2019-09-25 10:31:29,409 | TRAINER INFO: Training EPOCH: 14
2019-09-25 10:40:05,404 | TRAINER INFO: avg. CV tr. losses: [0.416743378713727, 0.46566455413897834, 0.47589508841435113, 0.46579520851373674, 0.463874127343297]
2019-09-25 10:40:05,404 | TRAINER INFO: avg. CV val. losses: [0.4147453377644221, 0.31966744661331176, 0.44955355872710545, 0.4168077647686005, 0.41002652744452156]
2019-09-25 10:40:05,406 | TRAINER INFO: Epoch: 14 took 515.9933025999999s | cv iter tr_loss 0.46566455413897834 | cv iter val_loss: 0.31966744661331176
2019-09-25 10:40:05,406 | TRAINER INFO: Exponential Moving Averages: tr_MA 0.5515215267444477, val_MA 0.46856380203434345
2019-09-25 10:40:05,407 | TRAINER INFO: Current Learning Rate: 0.0005
2019-09-25 10:40:06,298 | TRAINER INFO: Training EPOCH: 15
2019-09-25 10:48:42,450 | TRAINER INFO: avg. CV tr. losses: [0.44806855320930483, 0.3804745218406121, 0.37931258641183374, 0.3806055704752604, 0.3786162642141183]
2019-09-25 10:48:42,450 | TRAINER INFO: avg. CV val. losses: [0.33630141367514926, 0.5143325825532278, 0.35313256134589516, 0.3274972190459569, 0.5073440507054329]
2019-09-25 10:48:42,452 | TRAINER INFO: Epoch: 15 took 516.1511334999996s | cv iter tr_loss 0.3806055704752604 | cv iter val_loss: 0.3274972190459569
2019-09-25 10:48:42,452 | TRAINER INFO: Exponential Moving Averages: tr_MA 0.5344299311175289, val_MA 0.4544571437355048
2019-09-25 10:48:42,453 | TRAINER INFO: Current Learning Rate: 0.0005
2019-09-25 10:48:42,455 | TRAINER INFO: Saving Progress to C:\AML_seg_proj\CRC-Segmentation\model_affine\
2019-09-25 10:48:43,196 | TRAINER INFO: Training EPOCH: 16
2019-09-25 10:57:19,251 | TRAINER INFO: avg. CV tr. losses: [0.37580003825326763, 0.4193739403039217, 0.42104597625633083, 0.4266510146359603, 0.419624862447381]
2019-09-25 10:57:19,251 | TRAINER INFO: avg. CV val. losses: [0.4132418751716614, 0.28043874551852543, 0.33380721459786095, 0.35170752853155135, 0.33662671645482384]
2019-09-25 10:57:19,253 | TRAINER INFO: Epoch: 16 took 516.0546554000002s | cv iter tr_loss 0.4193739403039217 | cv iter val_loss: 0.28043874551852543
2019-09-25 10:57:19,253 | TRAINER INFO: Exponential Moving Averages: tr_MA 0.5229243320361682, val_MA 0.4370553039138068
2019-09-25 10:57:19,254 | TRAINER INFO: Current Learning Rate: 0.0005
2019-09-25 10:57:20,448 | TRAINER INFO: Training EPOCH: 17
2019-09-25 11:05:56,428 | TRAINER INFO: avg. CV tr. losses: [0.42180151989062625, 0.3734975169102351, 0.37103696875274184, 0.36998735293745993, 0.37506777023275695]
2019-09-25 11:05:56,429 | TRAINER INFO: avg. CV val. losses: [0.3515373200178146, 0.542984006802241, 0.4136291866501172, 0.438460352520148, 0.464788277943929]
2019-09-25 11:05:56,430 | TRAINER INFO: Epoch: 17 took 515.9795543s | cv iter tr_loss 0.42180151989062625 | cv iter val_loss: 0.3515373200178146
2019-09-25 11:05:56,431 | TRAINER INFO: Exponential Moving Averages: tr_MA 0.512812050821614, val_MA 0.4285035055242076
2019-09-25 11:05:56,432 | TRAINER INFO: Current Learning Rate: 0.0005
2019-09-25 11:05:57,127 | TRAINER INFO: Training EPOCH: 18
2019-09-25 11:14:33,447 | TRAINER INFO: avg. CV tr. losses: [0.37230350139240426, 0.3698881195237239, 0.3743562517066797, 0.36554476457337537, 0.3671938591947158]
2019-09-25 11:14:33,448 | TRAINER INFO: avg. CV val. losses: [0.27753473619620006, 0.39691838721434275, 0.3686984236041705, 0.4515256176392237, 0.359816712141037]
2019-09-25 11:14:33,449 | TRAINER INFO: Epoch: 18 took 516.3198772999986s | cv iter tr_loss 0.37230350139240426 | cv iter val_loss: 0.27753473619620006
2019-09-25 11:14:33,450 | TRAINER INFO: Exponential Moving Averages: tr_MA 0.498761195878693, val_MA 0.4134066285914068
2019-09-25 11:14:33,451 | TRAINER INFO: Current Learning Rate: 0.0005
2019-09-25 11:14:34,430 | TRAINER INFO: Training EPOCH: 19
2019-09-25 11:23:10,417 | TRAINER INFO: avg. CV tr. losses: [0.3384157990415891, 0.40168700789411865, 0.39870131413141885, 0.39554228633642197, 0.41206450847287973]
2019-09-25 11:23:10,417 | TRAINER INFO: avg. CV val. losses: [0.38597549398740133, 0.299921174844106, 0.4466472695271174, 0.2824066032965978, 0.37956695357958475]
2019-09-25 11:23:10,420 | TRAINER INFO: Epoch: 19 took 515.9872450000003s | cv iter tr_loss 0.39554228633642197 | cv iter val_loss: 0.2824066032965978
2019-09-25 11:23:10,420 | TRAINER INFO: Exponential Moving Averages: tr_MA 0.48843930492446586, val_MA 0.4003066260619259
2019-09-25 11:23:10,421 | TRAINER INFO: Current Learning Rate: 0.0005
2019-09-25 11:23:11,170 | TRAINER INFO: Training EPOCH: 20
2019-09-25 11:31:50,209 | TRAINER INFO: avg. CV tr. losses: [0.33828266436855, 0.37736017343898615, 0.3830726630985737, 0.3774069589873155, 0.3901349047819773]
2019-09-25 11:31:50,209 | TRAINER INFO: avg. CV val. losses: [0.3648549497127533, 0.34150996059179306, 0.36553242355585097, 0.29406578888495766, 0.4035301998257637]
2019-09-25 11:31:50,211 | TRAINER INFO: Epoch: 20 took 519.0387037s | cv iter tr_loss 0.3774069589873155 | cv iter val_loss: 0.29406578888495766
2019-09-25 11:31:50,212 | TRAINER INFO: Exponential Moving Averages: tr_MA 0.4773360703307508, val_MA 0.38968254234422905
2019-09-25 11:31:50,212 | TRAINER INFO: Current Learning Rate: 0.0005
2019-09-25 11:31:50,214 | TRAINER INFO: Saving Progress to C:\AML_seg_proj\CRC-Segmentation\model_affine\
2019-09-25 11:31:50,912 | TRAINER INFO: Training EPOCH: 21
2019-09-25 11:40:57,885 | TRAINER INFO: avg. CV tr. losses: [0.34456931973497074, 0.36409908744196096, 0.3693133750309547, 0.3667778960118691, 0.36615532288948693]
2019-09-25 11:40:57,885 | TRAINER INFO: avg. CV val. losses: [0.3187282388408979, 0.3044906010230382, 0.39696055501699445, 0.3784662768244743, 0.4540520672996839]
2019-09-25 11:40:57,887 | TRAINER INFO: Epoch: 21 took 546.9720636000002s | cv iter tr_loss 0.36409908744196096 | cv iter val_loss: 0.3044906010230382
2019-09-25 11:40:57,887 | TRAINER INFO: Exponential Moving Averages: tr_MA 0.46601237204187185, val_MA 0.38116334821210995
2019-09-25 11:40:57,888 | TRAINER INFO: Current Learning Rate: 0.0005
2019-09-25 11:40:58,842 | TRAINER INFO: Training EPOCH: 22
2019-09-25 11:49:36,304 | TRAINER INFO: avg. CV tr. losses: [0.36289792185028397, 0.3559000967691342, 0.35537041649222373, 0.3634394098073244, 0.366755677635471]
2019-09-25 11:49:36,305 | TRAINER INFO: avg. CV val. losses: [0.3546630044778188, 0.23944648802280427, 0.37662938187519707, 0.3057518631219864, 0.24345783938964208]
2019-09-25 11:49:36,307 | TRAINER INFO: Epoch: 22 took 517.4610542999999s | cv iter tr_loss 0.3559000967691342 | cv iter val_loss: 0.23944648802280427
2019-09-25 11:49:36,307 | TRAINER INFO: Exponential Moving Averages: tr_MA 0.45500114451459805, val_MA 0.3669916621931794
2019-09-25 11:49:36,308 | TRAINER INFO: Current Learning Rate: 0.0005
2019-09-25 11:49:37,020 | TRAINER INFO: Training EPOCH: 23
2019-09-25 11:57:54,064 | TRAINER INFO: avg. CV tr. losses: [0.30589298382401464, 0.3328929382065932, 0.3329817870010932, 0.33529198095202445, 0.3320013312002023]
2019-09-25 11:57:54,065 | TRAINER INFO: avg. CV val. losses: [0.30859471509854, 0.20126094917456308, 0.334007465839386, 0.2711670070886612, 0.2758074204126994]
2019-09-25 11:57:54,067 | TRAINER INFO: Epoch: 23 took 497.04425959999935s | cv iter tr_loss 0.3328929382065932 | cv iter val_loss: 0.20126094917456308
2019-09-25 11:57:54,067 | TRAINER INFO: Exponential Moving Averages: tr_MA 0.4427903238837976, val_MA 0.35041859089131777
2019-09-25 11:57:54,068 | TRAINER INFO: Current Learning Rate: 0.0005
2019-09-25 11:57:54,758 | TRAINER INFO: Training EPOCH: 24
2019-09-25 12:06:10,613 | TRAINER INFO: avg. CV tr. losses: [0.3282576959580183, 0.3214847130080064, 0.3224969547241926, 0.32092609629034996, 0.3191480708618959]
2019-09-25 12:06:10,613 | TRAINER INFO: avg. CV val. losses: [0.4441234732667605, 0.3212555890281995, 0.2085457811752955, 0.31264730443557104, 0.19761081089576085]
2019-09-25 12:06:10,615 | TRAINER INFO: Epoch: 24 took 495.8543781999997s | cv iter tr_loss 0.3191480708618959 | cv iter val_loss: 0.19761081089576085
2019-09-25 12:06:10,615 | TRAINER INFO: Exponential Moving Averages: tr_MA 0.4304260985816074, val_MA 0.3351378128917621
2019-09-25 12:06:10,616 | TRAINER INFO: Current Learning Rate: 0.0005
2019-09-25 12:06:11,879 | TRAINER INFO: Training EPOCH: 25
2019-09-25 12:14:27,949 | TRAINER INFO: avg. CV tr. losses: [0.3021034420778354, 0.3180675067007542, 0.31795148911575477, 0.3230352035413186, 0.3187577226509651]
2019-09-25 12:14:27,950 | TRAINER INFO: avg. CV val. losses: [0.22875096797943115, 0.27465643882751467, 0.23203416665395102, 0.3994330570101738, 0.3684727633992831]
2019-09-25 12:14:27,952 | TRAINER INFO: Epoch: 25 took 496.0695943999999s | cv iter tr_loss 0.3021034420778354 | cv iter val_loss: 0.22875096797943115
2019-09-25 12:14:27,952 | TRAINER INFO: Exponential Moving Averages: tr_MA 0.4175938329312302, val_MA 0.32449912840052897
2019-09-25 12:14:27,953 | TRAINER INFO: Current Learning Rate: 0.0005
2019-09-25 12:14:27,954 | TRAINER INFO: Saving Progress to C:\AML_seg_proj\CRC-Segmentation\model_affine\
2019-09-25 12:14:28,641 | TRAINER INFO: Training EPOCH: 26
2019-09-25 12:22:44,351 | TRAINER INFO: avg. CV tr. losses: [0.3380492450048526, 0.3151237474133571, 0.2990490322311719, 0.3028455192844073, 0.3053688406944275]
2019-09-25 12:22:44,351 | TRAINER INFO: avg. CV val. losses: [0.39057811051607133, 0.3300037865837415, 0.2100594977537791, 0.5187458197275797, 0.34259508897860846]
2019-09-25 12:22:44,353 | TRAINER INFO: Epoch: 26 took 495.70854640000107s | cv iter tr_loss 0.2990490322311719 | cv iter val_loss: 0.2100594977537791
2019-09-25 12:22:44,353 | TRAINER INFO: Exponential Moving Averages: tr_MA 0.40573935286122437, val_MA 0.313055165335854
2019-09-25 12:22:44,354 | TRAINER INFO: Current Learning Rate: 0.0005
2019-09-25 12:22:45,404 | TRAINER INFO: Training EPOCH: 27
2019-09-25 12:31:02,268 | TRAINER INFO: avg. CV tr. losses: [0.3412587414185206, 0.3225711777806282, 0.3233110306163629, 0.3261333408455054, 0.322249752531449]
2019-09-25 12:31:02,269 | TRAINER INFO: avg. CV val. losses: [0.38222833971182507, 0.3515675713618596, 0.2716936846574148, 0.3749912440776825, 0.4030363803108533]
2019-09-25 12:31:02,270 | TRAINER INFO: Epoch: 27 took 496.8630304999988s | cv iter tr_loss 0.3233110306163629 | cv iter val_loss: 0.2716936846574148
2019-09-25 12:31:02,271 | TRAINER INFO: Exponential Moving Averages: tr_MA 0.39749652063673824, val_MA 0.3089190172680101
2019-09-25 12:31:02,271 | TRAINER INFO: Current Learning Rate: 0.0005
2019-09-25 12:31:03,046 | TRAINER INFO: Training EPOCH: 28
2019-09-25 12:39:19,180 | TRAINER INFO: avg. CV tr. losses: [0.2863897571961085, 0.32956940308213234, 0.3291085887700319, 0.3285149143387874, 0.3461486451327801]
2019-09-25 12:39:19,180 | TRAINER INFO: avg. CV val. losses: [0.421208992600441, 0.3304972514510155, 0.3280984938144684, 0.43435163696606954, 0.2387041062116623]
2019-09-25 12:39:19,181 | TRAINER INFO: Epoch: 28 took 496.1336883999993s | cv iter tr_loss 0.3461486451327801 | cv iter val_loss: 0.2387041062116623
2019-09-25 12:39:19,182 | TRAINER INFO: Exponential Moving Averages: tr_MA 0.3923617330863424, val_MA 0.3018975261623753
2019-09-25 12:39:19,182 | TRAINER INFO: Current Learning Rate: 0.0005
2019-09-25 12:39:19,897 | TRAINER INFO: Training EPOCH: 29
2019-09-25 12:47:55,605 | TRAINER INFO: avg. CV tr. losses: [0.3020808101942142, 0.33427284720043343, 0.33442111909389494, 0.33295943575600784, 0.3369995438804229]
2019-09-25 12:47:55,605 | TRAINER INFO: avg. CV val. losses: [0.4304084504644076, 0.41102218081553776, 0.2737119123339653, 0.34436965038379036, 0.17386702050765354]
2019-09-25 12:47:55,607 | TRAINER INFO: Epoch: 29 took 515.7079357000002s | cv iter tr_loss 0.3369995438804229 | cv iter val_loss: 0.17386702050765354
2019-09-25 12:47:55,608 | TRAINER INFO: Exponential Moving Averages: tr_MA 0.3868255141657505, val_MA 0.28909447559690316
2019-09-25 12:47:55,609 | TRAINER INFO: Current Learning Rate: 0.0005
2019-09-25 12:47:56,328 | TRAINER INFO: Training EPOCH: 30
2019-09-25 12:56:32,663 | TRAINER INFO: avg. CV tr. losses: [0.2798256358752648, 0.3072722769031922, 0.3055325244863828, 0.30572979350884755, 0.30491960098346077]
2019-09-25 12:56:32,664 | TRAINER INFO: avg. CV val. losses: [0.4078895707925161, 0.24679948637882868, 0.3193992182612419, 0.3323003475864728, 0.15456661134958266]
2019-09-25 12:56:32,665 | TRAINER INFO: Epoch: 30 took 516.3351966999999s | cv iter tr_loss 0.30491960098346077 | cv iter val_loss: 0.15456661134958266
2019-09-25 12:56:32,666 | TRAINER INFO: Exponential Moving Averages: tr_MA 0.37863492284752154, val_MA 0.2756416891721711
2019-09-25 12:56:32,667 | TRAINER INFO: Current Learning Rate: 0.0005
2019-09-25 12:56:32,668 | TRAINER INFO: Saving Progress to C:\AML_seg_proj\CRC-Segmentation\model_affine\
2019-09-25 12:56:33,379 | TRAINER INFO: Training EPOCH: 31
2019-09-25 13:05:09,995 | TRAINER INFO: avg. CV tr. losses: [0.2823475174605846, 0.3263378371795019, 0.32657031565904615, 0.33080771515766777, 0.32811242416501046]
2019-09-25 13:05:09,995 | TRAINER INFO: avg. CV val. losses: [0.2980726326505343, 0.23487985134124756, 0.19182414809862772, 0.278437381486098, 0.23365365664164225]
2019-09-25 13:05:09,997 | TRAINER INFO: Epoch: 31 took 516.6147875999995s | cv iter tr_loss 0.32657031565904615 | cv iter val_loss: 0.19182414809862772
2019-09-25 13:05:09,998 | TRAINER INFO: Exponential Moving Averages: tr_MA 0.373428462128674, val_MA 0.2672599350648167
2019-09-25 13:05:09,998 | TRAINER INFO: Current Learning Rate: 0.0005
2019-09-25 13:05:10,722 | TRAINER INFO: Training EPOCH: 32
2019-09-25 13:13:47,127 | TRAINER INFO: avg. CV tr. losses: [0.30951734371483325, 0.27514037700990834, 0.2835063992689053, 0.27968517964084944, 0.2834726837774118]
2019-09-25 13:13:47,127 | TRAINER INFO: avg. CV val. losses: [0.280089149872462, 0.4063524256149928, 0.23242469901839893, 0.35469217648108803, 0.33655411601066587]
2019-09-25 13:13:47,129 | TRAINER INFO: Epoch: 32 took 516.4043545999994s | cv iter tr_loss 0.2835063992689053 | cv iter val_loss: 0.23242469901839893
2019-09-25 13:13:47,129 | TRAINER INFO: Exponential Moving Averages: tr_MA 0.3644362558426971, val_MA 0.26377641146017494
2019-09-25 13:13:47,130 | TRAINER INFO: Current Learning Rate: 0.0005
2019-09-25 13:13:47,841 | TRAINER INFO: Training EPOCH: 33
2019-09-25 13:22:24,627 | TRAINER INFO: avg. CV tr. losses: [0.28011042264600594, 0.2912525913367669, 0.29284357726573945, 0.2899768912543853, 0.2891529177625974]
2019-09-25 13:22:24,627 | TRAINER INFO: avg. CV val. losses: [0.3602335721254349, 0.18709994455178577, 0.246183014412721, 0.2719763656457265, 0.411595119535923]
2019-09-25 13:22:24,629 | TRAINER INFO: Epoch: 33 took 516.7848607999986s | cv iter tr_loss 0.2912525913367669 | cv iter val_loss: 0.18709994455178577
2019-09-25 13:22:24,630 | TRAINER INFO: Exponential Moving Averages: tr_MA 0.3571178893921041, val_MA 0.25610876476933603
2019-09-25 13:22:24,630 | TRAINER INFO: Current Learning Rate: 0.0005
2019-09-25 13:22:25,453 | TRAINER INFO: Training EPOCH: 34
2019-09-25 13:31:02,096 | TRAINER INFO: avg. CV tr. losses: [0.28340396024286746, 0.26630253593126935, 0.26599609553813935, 0.26933833497265974, 0.26865462337930995]
2019-09-25 13:31:02,097 | TRAINER INFO: avg. CV val. losses: [0.2325877716143926, 0.37655106087525686, 0.31807743310928344, 0.3926271840929985, 0.14623162746429444]
2019-09-25 13:31:02,098 | TRAINER INFO: Epoch: 34 took 516.643638900001s | cv iter tr_loss 0.26865462337930995 | cv iter val_loss: 0.14623162746429444
2019-09-25 13:31:02,099 | TRAINER INFO: Exponential Moving Averages: tr_MA 0.34827156279082466, val_MA 0.24512105103883186
2019-09-25 13:31:02,100 | TRAINER INFO: Current Learning Rate: 0.0005
2019-09-25 13:31:02,815 | TRAINER INFO: Training EPOCH: 35
2019-09-25 13:39:39,482 | TRAINER INFO: avg. CV tr. losses: [0.3000061689565579, 0.2505886017034451, 0.24709268274406593, 0.25225421637296674, 0.2564597153415283]
2019-09-25 13:39:39,483 | TRAINER INFO: avg. CV val. losses: [0.2671875218550364, 0.4024876102805138, 0.17580352872610092, 0.14895955771207808, 0.35983486423889793]
2019-09-25 13:39:39,485 | TRAINER INFO: Epoch: 35 took 516.6668944999983s | cv iter tr_loss 0.25225421637296674 | cv iter val_loss: 0.14895955771207808
2019-09-25 13:39:39,485 | TRAINER INFO: Exponential Moving Averages: tr_MA 0.3386698281490389, val_MA 0.23550490170615648
2019-09-25 13:39:39,486 | TRAINER INFO: Current Learning Rate: 0.0005
2019-09-25 13:39:39,487 | TRAINER INFO: Saving Progress to C:\AML_seg_proj\CRC-Segmentation\model_affine\
2019-09-25 13:39:40,224 | TRAINER INFO: Training EPOCH: 36
2019-09-25 13:48:16,623 | TRAINER INFO: avg. CV tr. losses: [0.25720221859713394, 0.25654979050159454, 0.25581935544808704, 0.25676324280599755, 0.257185235992074]
2019-09-25 13:48:16,624 | TRAINER INFO: avg. CV val. losses: [0.18944568907221157, 0.2678387890259425, 0.1787846232453982, 0.22067169348398843, 0.26618399818738303]
2019-09-25 13:48:16,626 | TRAINER INFO: Epoch: 36 took 516.3990578999983s | cv iter tr_loss 0.25581935544808704 | cv iter val_loss: 0.1787846232453982
2019-09-25 13:48:16,626 | TRAINER INFO: Exponential Moving Averages: tr_MA 0.33038478087894374, val_MA 0.22983287386008067
2019-09-25 13:48:16,627 | TRAINER INFO: Current Learning Rate: 0.0005
2019-09-25 13:48:17,343 | TRAINER INFO: Training EPOCH: 37
2019-09-25 13:56:54,171 | TRAINER INFO: avg. CV tr. losses: [0.3000050887465477, 0.2550365520020326, 0.26258369646966456, 0.25298867796858154, 0.29370359145104885]
2019-09-25 13:56:54,171 | TRAINER INFO: avg. CV val. losses: [0.2506112831334273, 0.253926707804203, 0.26225203822056453, 0.3238444998860359, 0.1923101934293906]
2019-09-25 13:56:54,174 | TRAINER INFO: Epoch: 37 took 516.8284224000017s | cv iter tr_loss 0.29370359145104885 | cv iter val_loss: 0.1923101934293906
2019-09-25 13:56:54,175 | TRAINER INFO: Exponential Moving Averages: tr_MA 0.3267166619361543, val_MA 0.22608060581701167
2019-09-25 13:56:54,176 | TRAINER INFO: Current Learning Rate: 0.0005
2019-09-25 13:56:54,964 | TRAINER INFO: Training EPOCH: 38
2019-09-25 14:05:31,623 | TRAINER INFO: avg. CV tr. losses: [0.2184349287301302, 0.27070697732269766, 0.2679615413149198, 0.2686984558900197, 0.26992956896622977]
2019-09-25 14:05:31,624 | TRAINER INFO: avg. CV val. losses: [0.24540914247433346, 0.26312913248936337, 0.24296670605738957, 0.2957601855198542, 0.24249857912460962]
2019-09-25 14:05:31,626 | TRAINER INFO: Epoch: 38 took 516.6594476999999s | cv iter tr_loss 0.26992956896622977 | cv iter val_loss: 0.24249857912460962
2019-09-25 14:05:31,626 | TRAINER INFO: Exponential Moving Averages: tr_MA 0.3210379526391618, val_MA 0.22772240314777145
2019-09-25 14:05:31,627 | TRAINER INFO: Current Learning Rate: 0.0005
2019-09-25 14:05:32,576 | TRAINER INFO: Training EPOCH: 39
2019-09-25 14:14:09,102 | TRAINER INFO: avg. CV tr. losses: [0.2415213769922654, 0.2575530131657918, 0.257969422886769, 0.2586613405495882, 0.261304285004735]
2019-09-25 14:14:09,102 | TRAINER INFO: avg. CV val. losses: [0.3109621524810791, 0.2472766526043415, 0.27383963391184807, 0.27221349328756334, 0.33770219758152964]
2019-09-25 14:14:09,104 | TRAINER INFO: Epoch: 39 took 516.5248825000017s | cv iter tr_loss 0.2575530131657918 | cv iter val_loss: 0.2472766526043415
2019-09-25 14:14:09,104 | TRAINER INFO: Exponential Moving Averages: tr_MA 0.3146894586918248, val_MA 0.22967782809342846
2019-09-25 14:14:09,105 | TRAINER INFO: Current Learning Rate: 0.0005
2019-09-25 14:14:09,857 | TRAINER INFO: Training EPOCH: 40
2019-09-25 14:22:46,598 | TRAINER INFO: avg. CV tr. losses: [0.23499760528405508, 0.2515723510334889, 0.2495845068246126, 0.25404420122504234, 0.25910484914978343]
2019-09-25 14:22:46,598 | TRAINER INFO: avg. CV val. losses: [0.1284463532269001, 0.25429943948984146, 0.11699372654159863, 0.318259338537852, 0.22534339626630148]
2019-09-25 14:22:46,600 | TRAINER INFO: Epoch: 40 took 516.7399245999986s | cv iter tr_loss 0.2495845068246126 | cv iter val_loss: 0.11699372654159863
2019-09-25 14:22:46,600 | TRAINER INFO: Exponential Moving Averages: tr_MA 0.3081789635051036, val_MA 0.21840941793824548
2019-09-25 14:22:46,601 | TRAINER INFO: Current Learning Rate: 0.0005
2019-09-25 14:22:46,603 | TRAINER INFO: Saving Progress to C:\AML_seg_proj\CRC-Segmentation\model_affine\
2019-09-25 14:22:47,319 | TRAINER INFO: Training EPOCH: 41
2019-09-25 14:31:23,985 | TRAINER INFO: avg. CV tr. losses: [0.23478379882872105, 0.2544893832256397, 0.25454910707970463, 0.25108087447782357, 0.25076588479181133]
2019-09-25 14:31:23,985 | TRAINER INFO: avg. CV val. losses: [0.2437481549878915, 0.31445753027995427, 0.14864476745327312, 0.20338241507609686, 0.2669004790484905]
2019-09-25 14:31:23,987 | TRAINER INFO: Epoch: 41 took 516.6643858999996s | cv iter tr_loss 0.25454910707970463 | cv iter val_loss: 0.14864476745327312
2019-09-25 14:31:23,987 | TRAINER INFO: Exponential Moving Averages: tr_MA 0.3028159778625637, val_MA 0.21143295288974825
2019-09-25 14:31:23,988 | TRAINER INFO: Current Learning Rate: 0.0005
2019-09-25 14:31:24,725 | TRAINER INFO: Training EPOCH: 42
2019-09-25 14:40:01,457 | TRAINER INFO: avg. CV tr. losses: [0.2788127526640892, 0.2475692667067051, 0.24805283459524313, 0.24491328510145347, 0.24398946550985176]
2019-09-25 14:40:01,457 | TRAINER INFO: avg. CV val. losses: [0.2696064899365107, 0.21409264132380484, 0.3676533659299215, 0.32272591988245647, 0.37497008765737216]
2019-09-25 14:40:01,459 | TRAINER INFO: Epoch: 42 took 516.7317012999993s | cv iter tr_loss 0.2475692667067051 | cv iter val_loss: 0.21409264132380484
2019-09-25 14:40:01,460 | TRAINER INFO: Exponential Moving Averages: tr_MA 0.2972913067469778, val_MA 0.2116989217331539
2019-09-25 14:40:01,460 | TRAINER INFO: Current Learning Rate: 0.0005
2019-09-25 14:40:02,160 | TRAINER INFO: Training EPOCH: 43
2019-09-25 14:48:38,479 | TRAINER INFO: avg. CV tr. losses: [0.23323997234304747, 0.23775248577197391, 0.23893028311431408, 0.23825413696467876, 0.23733415429790813]
2019-09-25 14:48:38,479 | TRAINER INFO: avg. CV val. losses: [0.2622365976373355, 0.27198916077613833, 0.1864826982220014, 0.29927973399559654, 0.1938380221525828]
2019-09-25 14:48:38,481 | TRAINER INFO: Epoch: 43 took 516.3191910999994s | cv iter tr_loss 0.23893028311431408 | cv iter val_loss: 0.1864826982220014
2019-09-25 14:48:38,482 | TRAINER INFO: Exponential Moving Averages: tr_MA 0.2914552043837114, val_MA 0.20917729938203866
2019-09-25 14:48:38,482 | TRAINER INFO: Current Learning Rate: 0.0005
2019-09-25 14:48:39,270 | TRAINER INFO: Training EPOCH: 44
2019-09-25 14:57:16,098 | TRAINER INFO: avg. CV tr. losses: [0.3054645244032145, 0.25113788557549316, 0.2502622333665689, 0.24988379577795664, 0.24893374517560005]
2019-09-25 14:57:16,098 | TRAINER INFO: avg. CV val. losses: [0.31797208487987516, 0.28810491363207497, 0.22102364599704744, 0.36348311553398766, 0.22912695457537968]
2019-09-25 14:57:16,100 | TRAINER INFO: Epoch: 44 took 516.8280046s | cv iter tr_loss 0.2502622333665689 | cv iter val_loss: 0.22102364599704744
2019-09-25 14:57:16,101 | TRAINER INFO: Exponential Moving Averages: tr_MA 0.28733590728199715, val_MA 0.21036193404353953
2019-09-25 14:57:16,101 | TRAINER INFO: Current Learning Rate: 0.0005
2019-09-25 14:57:16,815 | TRAINER INFO: Training EPOCH: 45
2019-09-25 15:05:53,091 | TRAINER INFO: avg. CV tr. losses: [0.2929807641853889, 0.2148359812796116, 0.21626225126286347, 0.21353739586969217, 0.21341481929024061]
2019-09-25 15:05:53,091 | TRAINER INFO: avg. CV val. losses: [0.08139087955156962, 0.23212571938832602, 0.20122964456677436, 0.2880325421690941, 0.28487588216861087]
2019-09-25 15:05:53,093 | TRAINER INFO: Epoch: 45 took 516.2756748000029s | cv iter tr_loss 0.2929807641853889 | cv iter val_loss: 0.08139087955156962
2019-09-25 15:05:53,094 | TRAINER INFO: Exponential Moving Averages: tr_MA 0.2879003929723363, val_MA 0.19746482859434256
2019-09-25 15:05:53,095 | TRAINER INFO: Current Learning Rate: 0.0005
2019-09-25 15:05:53,096 | TRAINER INFO: Saving Progress to C:\AML_seg_proj\CRC-Segmentation\model_affine\
2019-09-25 15:05:53,855 | TRAINER INFO: Training EPOCH: 46
2019-09-25 15:14:30,379 | TRAINER INFO: avg. CV tr. losses: [0.22251047939062119, 0.22788530997931958, 0.2265841412047545, 0.22870455421507357, 0.22344118592639764]
2019-09-25 15:14:30,380 | TRAINER INFO: avg. CV val. losses: [0.17170438021421433, 0.19772860010464985, 0.17069262166817983, 0.24654692982633908, 0.3209486370285352]
2019-09-25 15:14:30,382 | TRAINER INFO: Epoch: 46 took 516.525262799998s | cv iter tr_loss 0.2265841412047545 | cv iter val_loss: 0.17069262166817983
2019-09-25 15:14:30,382 | TRAINER INFO: Exponential Moving Averages: tr_MA 0.28176876779557813, val_MA 0.19478760790172628
2019-09-25 15:14:30,383 | TRAINER INFO: Current Learning Rate: 0.0005
2019-09-25 15:14:31,088 | TRAINER INFO: Training EPOCH: 47
2019-09-25 15:23:07,383 | TRAINER INFO: avg. CV tr. losses: [0.2182582033177217, 0.25115640039245285, 0.252708121885856, 0.25076683753480516, 0.25288177765905856]
2019-09-25 15:23:07,384 | TRAINER INFO: avg. CV val. losses: [0.228415218492349, 0.28940193007389703, 0.20209475234150887, 0.19573235884308815, 0.2002962162097295]
2019-09-25 15:23:07,386 | TRAINER INFO: Epoch: 47 took 516.2938265999983s | cv iter tr_loss 0.25076683753480516 | cv iter val_loss: 0.19573235884308815
2019-09-25 15:23:07,386 | TRAINER INFO: Exponential Moving Averages: tr_MA 0.2786685747695008, val_MA 0.19488208299586246
2019-09-25 15:23:07,387 | TRAINER INFO: Current Learning Rate: 0.0005
2019-09-25 15:23:08,104 | TRAINER INFO: Training EPOCH: 48
2019-09-25 15:31:44,565 | TRAINER INFO: avg. CV tr. losses: [0.24605504497885705, 0.24162811674177648, 0.24172655157744885, 0.24148050770163537, 0.24114915430545808]
2019-09-25 15:31:44,565 | TRAINER INFO: avg. CV val. losses: [0.1852490412692229, 0.2423612244427204, 0.20531665484110515, 0.22062623525659245, 0.2423171803355217]
2019-09-25 15:31:44,566 | TRAINER INFO: Epoch: 48 took 516.4599576s | cv iter tr_loss 0.24605504497885705 | cv iter val_loss: 0.1852490412692229
2019-09-25 15:31:44,567 | TRAINER INFO: Exponential Moving Averages: tr_MA 0.2754072217904364, val_MA 0.1939187788231985
2019-09-25 15:31:44,567 | TRAINER INFO: Current Learning Rate: 0.0005
2019-09-25 15:31:45,266 | TRAINER INFO: Training EPOCH: 49
2019-09-25 15:40:22,124 | TRAINER INFO: avg. CV tr. losses: [0.22121437874933084, 0.21377776339650154, 0.2261978225161632, 0.22046989258378744, 0.21569026882449785]
2019-09-25 15:40:22,125 | TRAINER INFO: avg. CV val. losses: [0.21406448855996132, 0.20164119427402813, 0.3536966246863206, 0.326975738008817, 0.13361109420657158]
2019-09-25 15:40:22,127 | TRAINER INFO: Epoch: 49 took 516.8577066999969s | cv iter tr_loss 0.21569026882449785 | cv iter val_loss: 0.13361109420657158
2019-09-25 15:40:22,127 | TRAINER INFO: Exponential Moving Averages: tr_MA 0.26943552649384256, val_MA 0.1878880103615358
2019-09-25 15:40:22,128 | TRAINER INFO: Current Learning Rate: 0.0005
2019-09-25 15:40:22,831 | TRAINER INFO: Training EPOCH: 50
2019-09-25 15:48:58,831 | TRAINER INFO: avg. CV tr. losses: [0.22000153362751007, 0.23280392084270715, 0.2213004807010293, 0.22265291698276996, 0.2207651372378071]
2019-09-25 15:48:58,831 | TRAINER INFO: avg. CV val. losses: [0.3087242136398951, 0.22615929692983627, 0.1305812363823255, 0.14994378263751665, 0.16118923525015513]
2019-09-25 15:48:58,833 | TRAINER INFO: Epoch: 50 took 515.9992903999992s | cv iter tr_loss 0.2213004807010293 | cv iter val_loss: 0.1305812363823255
2019-09-25 15:48:58,834 | TRAINER INFO: Exponential Moving Averages: tr_MA 0.26462202191456125, val_MA 0.18215733296361478
2019-09-25 15:48:58,835 | TRAINER INFO: Current Learning Rate: 0.0005
2019-09-25 15:48:58,837 | TRAINER INFO: Saving Progress to C:\AML_seg_proj\CRC-Segmentation\model_affine\
2019-09-25 15:48:59,531 | TRAINER INFO: Training EPOCH: 51
2019-09-25 15:57:36,069 | TRAINER INFO: avg. CV tr. losses: [0.21996615063399078, 0.22920781125624975, 0.22446163191149632, 0.22733770472308, 0.22830918344358603]
2019-09-25 15:57:36,069 | TRAINER INFO: avg. CV val. losses: [0.17993352959553402, 0.2195375089844068, 0.14405514349540074, 0.08374206647276879, 0.23912399212519328]
2019-09-25 15:57:36,070 | TRAINER INFO: Epoch: 51 took 516.5378248999987s | cv iter tr_loss 0.22733770472308 | cv iter val_loss: 0.08374206647276879
2019-09-25 15:57:36,071 | TRAINER INFO: Exponential Moving Averages: tr_MA 0.26089359019541314, val_MA 0.17231580631453017
2019-09-25 15:57:36,072 | TRAINER INFO: Current Learning Rate: 0.0005
2019-09-25 15:57:36,746 | TRAINER INFO: Training EPOCH: 52
2019-09-25 16:06:12,640 | TRAINER INFO: avg. CV tr. losses: [0.1913493070130547, 0.20595654882490635, 0.2056426507110397, 0.2047281331072251, 0.20379359424114227]
2019-09-25 16:06:12,641 | TRAINER INFO: avg. CV val. losses: [0.1968809761106968, 0.20244019081195194, 0.21039766271909077, 0.30613835056622823, 0.29548878148198127]
2019-09-25 16:06:12,643 | TRAINER INFO: Epoch: 52 took 515.8927765000008s | cv iter tr_loss 0.1913493070130547 | cv iter val_loss: 0.1968809761106968
2019-09-25 16:06:12,643 | TRAINER INFO: Exponential Moving Averages: tr_MA 0.2539391618771773, val_MA 0.17477232329414683
2019-09-25 16:06:12,644 | TRAINER INFO: Current Learning Rate: 0.0005
2019-09-25 16:06:13,346 | TRAINER INFO: Training EPOCH: 53
2019-09-25 16:14:57,806 | TRAINER INFO: avg. CV tr. losses: [0.18522792893151444, 0.2403289473305146, 0.22708896609644094, 0.23682635941853125, 0.2239854491005341]
2019-09-25 16:14:57,806 | TRAINER INFO: avg. CV val. losses: [0.3105692202846209, 0.27035424460967383, 0.2294095814228058, 0.24648328150312107, 0.1499337747693062]
2019-09-25 16:14:57,808 | TRAINER INFO: Epoch: 53 took 524.4594831999966s | cv iter tr_loss 0.2239854491005341 | cv iter val_loss: 0.1499337747693062
2019-09-25 16:14:57,809 | TRAINER INFO: Exponential Moving Averages: tr_MA 0.250943790599513, val_MA 0.17228846844166276
2019-09-25 16:14:57,809 | TRAINER INFO: Current Learning Rate: 0.0005
2019-09-25 16:14:58,697 | TRAINER INFO: Training EPOCH: 54
2019-09-25 16:23:55,219 | TRAINER INFO: avg. CV tr. losses: [0.24677923483153183, 0.20560629293322563, 0.19998055541266999, 0.20262670094768206, 0.20130422816922267]
2019-09-25 16:23:55,220 | TRAINER INFO: avg. CV val. losses: [0.14076115290323893, 0.20633400951822597, 0.18186236371596654, 0.12250487556060155, 0.25130339215199154]
2019-09-25 16:23:55,221 | TRAINER INFO: Epoch: 54 took 536.5218812999992s | cv iter tr_loss 0.20262670094768206 | cv iter val_loss: 0.12250487556060155
2019-09-25 16:23:55,222 | TRAINER INFO: Exponential Moving Averages: tr_MA 0.2461120816343299, val_MA 0.16731010915355662
2019-09-25 16:23:55,222 | TRAINER INFO: Current Learning Rate: 0.0005
2019-09-25 16:23:56,203 | TRAINER INFO: Training EPOCH: 55
2019-09-25 16:32:16,254 | TRAINER INFO: avg. CV tr. losses: [0.2179231721907854, 0.2540643878901998, 0.25421270144482455, 0.25221429715553917, 0.24786188174039125]
2019-09-25 16:32:16,254 | TRAINER INFO: avg. CV val. losses: [0.20023008088270824, 0.22277156213919322, 0.33205879827340445, 0.18255400756994883, 0.27716374496618906]
2019-09-25 16:32:16,256 | TRAINER INFO: Epoch: 55 took 500.0502873000005s | cv iter tr_loss 0.25221429715553917 | cv iter val_loss: 0.18255400756994883
2019-09-25 16:32:16,257 | TRAINER INFO: Exponential Moving Averages: tr_MA 0.24672230318645083, val_MA 0.16883449899519584
2019-09-25 16:32:16,257 | TRAINER INFO: Current Learning Rate: 0.0005
2019-09-25 16:32:16,259 | TRAINER INFO: Saving Progress to C:\AML_seg_proj\CRC-Segmentation\model_affine\
2019-09-25 16:32:16,952 | TRAINER INFO: Training EPOCH: 56
